<?xml version="1.0" encoding="UTF-8"?>
<!-- Generated by org.testng.reporters.JUnitReportReporter -->
<testsuite hostname="ATMECSINLT-028" failures="0" tests="1" name="com.atmecs.atmecs.testscript.TestAllPageFooter" time="2.194" errors="0" timestamp="2019-10-16T20:40:45 IST" skipped="0">
  <testcase classname="com.atmecs.atmecs.testscript.TestAllPageFooter" name="validateFooter" time="2.194"/>
</testsuite> <!-- com.atmecs.atmecs.testscript.TestAllPageFooter -->
