<?xml version="1.0" encoding="UTF-8"?>
<!-- Generated by org.testng.reporters.JUnitReportReporter -->
<testsuite hostname="ATMECSINLT-028" failures="0" tests="1" name="com.atmecs.atmecs.testscript.TestToggleSwitch" time="4.246" errors="0" timestamp="2019-10-17T13:52:34 IST" skipped="0">
  <testcase classname="com.atmecs.atmecs.testscript.TestToggleSwitch" name="validateToggleSwitch" time="4.246"/>
</testsuite> <!-- com.atmecs.atmecs.testscript.TestToggleSwitch -->
