<?xml version="1.0" encoding="UTF-8"?>
<!-- Generated by org.testng.reporters.JUnitReportReporter -->
<testsuite hostname="ATMECSINLT-028" failures="0" tests="1" name="com.atmecs.atmecs.testscript.TestAllPageFooter" time="2.298" errors="0" timestamp="2019-10-17T19:34:33 IST" skipped="0">
  <testcase classname="com.atmecs.atmecs.testscript.TestAllPageFooter" name="validateFooter" time="2.298"/>
</testsuite> <!-- com.atmecs.atmecs.testscript.TestAllPageFooter -->
